# JRE version: OpenJDK Runtime Environment (17.0.11) (build 17.0.11+0--11852314)
# Java VM: OpenJDK 64-Bit Server VM (17.0.11+0--11852314, mixed mode, tiered, compressed oops, compressed class ptrs, g1 gc, windows-amd64)
GC Precious Log:
 CPUs: 16 total, 16 available
 Memory: 7489M
 Large Page Support: Disabled
 NUMA Support: Disabled
 Compressed Oops: Enabled (32-bit)
 Heap Region Size: 1M
 Heap Min Capacity: 8M
 Heap Initial Capacity: 118M
 Heap Max Capacity: 1874M
 Pre-touch: Disabled
 Parallel Workers: 13
 Concurrent Workers: 3
 Concurrent Refinement Workers: 13
 Periodic GC: Disabled
Heap:
 garbage-first heap   total 214016K, used 112413K [0x000000008ae00000, 0x0000000100000000)
  region size 1024K, 18 young (18432K), 4 survivors (4096K)
 Metaspace       used 89504K, committed 89920K, reserved 1179648K
  class space    used 9273K, committed 9472K, reserved 1048576K
GC Heap History (20 events):
Event: 12.861 GC heap before
{Heap before GC invocations=20 (full 0):
 garbage-first heap   total 178176K, used 134668K [0x000000008ae00000, 0x0000000100000000)
  region size 1024K, 74 young (75776K), 9 survivors (9216K)
 Metaspace       used 63526K, committed 63936K, reserved 1114112K
  class space    used 7168K, committed 7360K, reserved 1048576K
}
Event: 12.886 GC heap after
{Heap after GC invocations=21 (full 0):
 garbage-first heap   total 178176K, used 75777K [0x000000008ae00000, 0x0000000100000000)
  region size 1024K, 9 young (9216K), 9 survivors (9216K)
 Metaspace       used 63526K, committed 63936K, reserved 1114112K
  class space    used 7168K, committed 7360K, reserved 1048576K
}
Event: 14.624 GC heap before
{Heap before GC invocations=21 (full 0):
 garbage-first heap   total 178176K, used 138241K [0x000000008ae00000, 0x0000000100000000)
  region size 1024K, 68 young (69632K), 9 survivors (9216K)
 Metaspace       used 64355K, committed 64704K, reserved 1114112K
  class space    used 7216K, committed 7360K, reserved 1048576K
}
Event: 14.645 GC heap after
{Heap after GC invocations=22 (full 0):
 garbage-first heap   total 178176K, used 84371K [0x000000008ae00000, 0x0000000100000000)
  region size 1024K, 7 young (7168K), 7 survivors (7168K)
 Metaspace       used 64355K, committed 64704K, reserved 1114112K
  class space    used 7216K, committed 7360K, reserved 1048576K
}
Event: 16.415 GC heap before
{Heap before GC invocations=22 (full 0):
 garbage-first heap   total 178176K, used 138643K [0x000000008ae00000, 0x0000000100000000)
  region size 1024K, 60 young (61440K), 7 survivors (7168K)
 Metaspace       used 65117K, committed 65472K, reserved 1114112K
  class space    used 7279K, committed 7424K, reserved 1048576K
}
Event: 16.431 GC heap after
{Heap after GC invocations=23 (full 0):
 garbage-first heap   total 178176K, used 89769K [0x000000008ae00000, 0x0000000100000000)
  region size 1024K, 5 young (5120K), 5 survivors (5120K)
 Metaspace       used 65117K, committed 65472K, reserved 1114112K
  class space    used 7279K, committed 7424K, reserved 1048576K
}
Event: 17.503 GC heap before
{Heap before GC invocations=23 (full 0):
 garbage-first heap   total 178176K, used 141993K [0x000000008ae00000, 0x0000000100000000)
  region size 1024K, 56 young (57344K), 5 survivors (5120K)
 Metaspace       used 66547K, committed 66944K, reserved 1114112K
  class space    used 7399K, committed 7552K, reserved 1048576K
}
Event: 17.515 GC heap after
{Heap after GC invocations=24 (full 0):
 garbage-first heap   total 178176K, used 93061K [0x000000008ae00000, 0x0000000100000000)
  region size 1024K, 4 young (4096K), 4 survivors (4096K)
 Metaspace       used 66547K, committed 66944K, reserved 1114112K
  class space    used 7399K, committed 7552K, reserved 1048576K
}
Event: 19.092 GC heap before
{Heap before GC invocations=25 (full 0):
 garbage-first heap   total 178176K, used 144261K [0x000000008ae00000, 0x0000000100000000)
  region size 1024K, 54 young (55296K), 4 survivors (4096K)
 Metaspace       used 73559K, committed 73984K, reserved 1179648K
  class space    used 8084K, committed 8256K, reserved 1048576K
}
Event: 19.107 GC heap after
{Heap after GC invocations=26 (full 0):
 garbage-first heap   total 178176K, used 96868K [0x000000008ae00000, 0x0000000100000000)
  region size 1024K, 7 young (7168K), 7 survivors (7168K)
 Metaspace       used 73559K, committed 73984K, reserved 1179648K
  class space    used 8084K, committed 8256K, reserved 1048576K
}
Event: 19.160 GC heap before
{Heap before GC invocations=26 (full 0):
 garbage-first heap   total 178176K, used 97892K [0x000000008ae00000, 0x0000000100000000)
  region size 1024K, 8 young (8192K), 7 survivors (7168K)
 Metaspace       used 73796K, committed 74240K, reserved 1179648K
  class space    used 8120K, committed 8320K, reserved 1048576K
}
Event: 19.170 GC heap after
{Heap after GC invocations=27 (full 0):
 garbage-first heap   total 178176K, used 96575K [0x000000008ae00000, 0x0000000100000000)
  region size 1024K, 1 young (1024K), 1 survivors (1024K)
 Metaspace       used 73796K, committed 74240K, reserved 1179648K
  class space    used 8120K, committed 8320K, reserved 1048576K
}
Event: 21.164 GC heap before
{Heap before GC invocations=27 (full 0):
 garbage-first heap   total 178176K, used 144703K [0x000000008ae00000, 0x0000000100000000)
  region size 1024K, 49 young (50176K), 1 survivors (1024K)
 Metaspace       used 83222K, committed 83648K, reserved 1179648K
  class space    used 8838K, committed 9024K, reserved 1048576K
}
Event: 21.173 GC heap after
{Heap after GC invocations=28 (full 0):
 garbage-first heap   total 178176K, used 99084K [0x000000008ae00000, 0x0000000100000000)
  region size 1024K, 4 young (4096K), 4 survivors (4096K)
 Metaspace       used 83222K, committed 83648K, reserved 1179648K
  class space    used 8838K, committed 9024K, reserved 1048576K
}
Event: 22.592 GC heap before
{Heap before GC invocations=29 (full 0):
 garbage-first heap   total 178176K, used 144140K [0x000000008ae00000, 0x0000000100000000)
  region size 1024K, 50 young (51200K), 4 survivors (4096K)
 Metaspace       used 88604K, committed 89024K, reserved 1179648K
  class space    used 9245K, committed 9408K, reserved 1048576K
}
Event: 22.604 GC heap after
{Heap after GC invocations=30 (full 0):
 garbage-first heap   total 178176K, used 100376K [0x000000008ae00000, 0x0000000100000000)
  region size 1024K, 7 young (7168K), 7 survivors (7168K)
 Metaspace       used 88604K, committed 89024K, reserved 1179648K
  class space    used 9245K, committed 9408K, reserved 1048576K
}
Event: 22.620 GC heap before
{Heap before GC invocations=30 (full 0):
 garbage-first heap   total 178176K, used 101400K [0x000000008ae00000, 0x0000000100000000)
  region size 1024K, 8 young (8192K), 7 survivors (7168K)
 Metaspace       used 88612K, committed 89024K, reserved 1179648K
  class space    used 9245K, committed 9408K, reserved 1048576K
}
Event: 22.639 GC heap after
{Heap after GC invocations=31 (full 0):
 garbage-first heap   total 178176K, used 95978K [0x000000008ae00000, 0x0000000100000000)
  region size 1024K, 1 young (1024K), 1 survivors (1024K)
 Metaspace       used 88612K, committed 89024K, reserved 1179648K
  class space    used 9245K, committed 9408K, reserved 1048576K
}
Event: 23.632 GC heap before
{Heap before GC invocations=31 (full 0):
 garbage-first heap   total 178176K, used 147178K [0x000000008ae00000, 0x0000000100000000)
  region size 1024K, 51 young (52224K), 1 survivors (1024K)
 Metaspace       used 89477K, committed 89920K, reserved 1179648K
  class space    used 9272K, committed 9472K, reserved 1048576K
}
Event: 23.644 GC heap after
{Heap after GC invocations=32 (full 0):
 garbage-first heap   total 214016K, used 99101K [0x000000008ae00000, 0x0000000100000000)
  region size 1024K, 4 young (4096K), 4 survivors (4096K)
 Metaspace       used 89477K, committed 89920K, reserved 1179648K
  class space    used 9272K, committed 9472K, reserved 1048576K
}

