# JRE version: OpenJDK Runtime Environment (17.0.11) (build 17.0.11+0--11852314)
# Java VM: OpenJDK 64-Bit Server VM (17.0.11+0--11852314, mixed mode, tiered, compressed oops, compressed class ptrs, g1 gc, windows-amd64)
GC Precious Log:
 CPUs: 16 total, 16 available
 Memory: 7489M
 Large Page Support: Disabled
 NUMA Support: Disabled
 Compressed Oops: Enabled (Zero based)
 Heap Region Size: 4M
 Heap Min Capacity: 8M
 Heap Initial Capacity: 120M
 Heap Max Capacity: 8G
 Pre-touch: Disabled
 Parallel Workers: 13
 Concurrent Workers: 3
 Concurrent Refinement Workers: 13
 Periodic GC: Disabled
Heap:
 garbage-first heap   total 131072K, used 49337K [0x0000000600000000, 0x0000000800000000)
  region size 4096K, 2 young (8192K), 2 survivors (8192K)
 Metaspace       used 63146K, committed 63616K, reserved 1114112K
  class space    used 8748K, committed 8960K, reserved 1048576K
GC Heap History (20 events):
Event: 3.430 GC heap after
{Heap after GC invocations=7 (full 0):
 garbage-first heap   total 98304K, used 23383K [0x0000000600000000, 0x0000000800000000)
  region size 4096K, 1 young (4096K), 1 survivors (4096K)
 Metaspace       used 28980K, committed 29248K, reserved 1114112K
  class space    used 3778K, committed 3904K, reserved 1048576K
}
Event: 3.965 GC heap before
{Heap before GC invocations=7 (full 0):
 garbage-first heap   total 98304K, used 60247K [0x0000000600000000, 0x0000000800000000)
  region size 4096K, 10 young (40960K), 1 survivors (4096K)
 Metaspace       used 33723K, committed 34048K, reserved 1114112K
  class space    used 4502K, committed 4672K, reserved 1048576K
}
Event: 3.967 GC heap after
{Heap after GC invocations=8 (full 0):
 garbage-first heap   total 131072K, used 24597K [0x0000000600000000, 0x0000000800000000)
  region size 4096K, 1 young (4096K), 1 survivors (4096K)
 Metaspace       used 33723K, committed 34048K, reserved 1114112K
  class space    used 4502K, committed 4672K, reserved 1048576K
}
Event: 4.162 GC heap before
{Heap before GC invocations=8 (full 0):
 garbage-first heap   total 131072K, used 36885K [0x0000000600000000, 0x0000000800000000)
  region size 4096K, 5 young (20480K), 1 survivors (4096K)
 Metaspace       used 35593K, committed 35968K, reserved 1114112K
  class space    used 4770K, committed 4992K, reserved 1048576K
}
Event: 4.166 GC heap after
{Heap after GC invocations=9 (full 0):
 garbage-first heap   total 131072K, used 25474K [0x0000000600000000, 0x0000000800000000)
  region size 4096K, 1 young (4096K), 1 survivors (4096K)
 Metaspace       used 35593K, committed 35968K, reserved 1114112K
  class space    used 4770K, committed 4992K, reserved 1048576K
}
Event: 4.887 GC heap before
{Heap before GC invocations=10 (full 0):
 garbage-first heap   total 110592K, used 82818K [0x0000000600000000, 0x0000000800000000)
  region size 4096K, 16 young (65536K), 1 survivors (4096K)
 Metaspace       used 42816K, committed 43264K, reserved 1114112K
  class space    used 5504K, committed 5696K, reserved 1048576K
}
Event: 4.894 GC heap after
{Heap after GC invocations=11 (full 0):
 garbage-first heap   total 110592K, used 29658K [0x0000000600000000, 0x0000000800000000)
  region size 4096K, 2 young (8192K), 2 survivors (8192K)
 Metaspace       used 42816K, committed 43264K, reserved 1114112K
  class space    used 5504K, committed 5696K, reserved 1048576K
}
Event: 4.903 GC heap before
{Heap before GC invocations=11 (full 0):
 garbage-first heap   total 110592K, used 33754K [0x0000000600000000, 0x0000000800000000)
  region size 4096K, 3 young (12288K), 2 survivors (8192K)
 Metaspace       used 42816K, committed 43264K, reserved 1114112K
  class space    used 5504K, committed 5696K, reserved 1048576K
}
Event: 4.910 GC heap after
{Heap after GC invocations=12 (full 0):
 garbage-first heap   total 110592K, used 29554K [0x0000000600000000, 0x0000000800000000)
  region size 4096K, 1 young (4096K), 1 survivors (4096K)
 Metaspace       used 42816K, committed 43264K, reserved 1114112K
  class space    used 5504K, committed 5696K, reserved 1048576K
}
Event: 5.480 GC heap before
{Heap before GC invocations=12 (full 0):
 garbage-first heap   total 110592K, used 74610K [0x0000000600000000, 0x0000000800000000)
  region size 4096K, 12 young (49152K), 1 survivors (4096K)
 Metaspace       used 46276K, committed 46720K, reserved 1114112K
  class space    used 6078K, committed 6272K, reserved 1048576K
}
Event: 5.483 GC heap after
{Heap after GC invocations=13 (full 0):
 garbage-first heap   total 110592K, used 31521K [0x0000000600000000, 0x0000000800000000)
  region size 4096K, 1 young (4096K), 1 survivors (4096K)
 Metaspace       used 46276K, committed 46720K, reserved 1114112K
  class space    used 6078K, committed 6272K, reserved 1048576K
}
Event: 5.950 GC heap before
{Heap before GC invocations=13 (full 0):
 garbage-first heap   total 110592K, used 80673K [0x0000000600000000, 0x0000000800000000)
  region size 4096K, 13 young (53248K), 1 survivors (4096K)
 Metaspace       used 49581K, committed 50112K, reserved 1114112K
  class space    used 6595K, committed 6848K, reserved 1048576K
}
Event: 5.953 GC heap after
{Heap after GC invocations=14 (full 0):
 garbage-first heap   total 110592K, used 32675K [0x0000000600000000, 0x0000000800000000)
  region size 4096K, 1 young (4096K), 1 survivors (4096K)
 Metaspace       used 49581K, committed 50112K, reserved 1114112K
  class space    used 6595K, committed 6848K, reserved 1048576K
}
Event: 6.978 GC heap before
{Heap before GC invocations=14 (full 0):
 garbage-first heap   total 110592K, used 81827K [0x0000000600000000, 0x0000000800000000)
  region size 4096K, 13 young (53248K), 1 survivors (4096K)
 Metaspace       used 54062K, committed 54592K, reserved 1114112K
  class space    used 7342K, committed 7616K, reserved 1048576K
}
Event: 6.983 GC heap after
{Heap after GC invocations=15 (full 0):
 garbage-first heap   total 110592K, used 34748K [0x0000000600000000, 0x0000000800000000)
  region size 4096K, 2 young (8192K), 2 survivors (8192K)
 Metaspace       used 54062K, committed 54592K, reserved 1114112K
  class space    used 7342K, committed 7616K, reserved 1048576K
}
Event: 7.489 GC heap before
{Heap before GC invocations=15 (full 0):
 garbage-first heap   total 110592K, used 79804K [0x0000000600000000, 0x0000000800000000)
  region size 4096K, 13 young (53248K), 2 survivors (8192K)
 Metaspace       used 57044K, committed 57600K, reserved 1114112K
  class space    used 7810K, committed 8064K, reserved 1048576K
}
Event: 7.498 GC heap after
{Heap after GC invocations=16 (full 0):
 garbage-first heap   total 110592K, used 38763K [0x0000000600000000, 0x0000000800000000)
  region size 4096K, 2 young (8192K), 2 survivors (8192K)
 Metaspace       used 57044K, committed 57600K, reserved 1114112K
  class space    used 7810K, committed 8064K, reserved 1048576K
}
Event: 7.879 GC heap before
{Heap before GC invocations=16 (full 0):
 garbage-first heap   total 110592K, used 67435K [0x0000000600000000, 0x0000000800000000)
  region size 4096K, 10 young (40960K), 2 survivors (8192K)
 Metaspace       used 59664K, committed 60096K, reserved 1114112K
  class space    used 8241K, committed 8448K, reserved 1048576K
}
Event: 7.886 GC heap after
{Heap after GC invocations=17 (full 0):
 garbage-first heap   total 110592K, used 40217K [0x0000000600000000, 0x0000000800000000)
  region size 4096K, 2 young (8192K), 2 survivors (8192K)
 Metaspace       used 59664K, committed 60096K, reserved 1114112K
  class space    used 8241K, committed 8448K, reserved 1048576K
}
Event: 8.474 GC heap before
{Heap before GC invocations=18 (full 0):
 garbage-first heap   total 110592K, used 81177K [0x0000000600000000, 0x0000000800000000)
  region size 4096K, 12 young (49152K), 2 survivors (8192K)
 Metaspace       used 63146K, committed 63616K, reserved 1114112K
  class space    used 8748K, committed 8960K, reserved 1048576K
}

