# JRE version: OpenJDK Runtime Environment (17.0.11) (build 17.0.11+0--11852314)
# Java VM: OpenJDK 64-Bit Server VM (17.0.11+0--11852314, mixed mode, tiered, compressed oops, compressed class ptrs, g1 gc, windows-amd64)
GC Precious Log:
 CPUs: 16 total, 16 available
 Memory: 7489M
 Large Page Support: Disabled
 NUMA Support: Disabled
 Compressed Oops: Enabled (Zero based)
 Heap Region Size: 4M
 Heap Min Capacity: 8M
 Heap Initial Capacity: 120M
 Heap Max Capacity: 8G
 Pre-touch: Disabled
 Parallel Workers: 13
 Concurrent Workers: 3
 Concurrent Refinement Workers: 13
 Periodic GC: Disabled
Heap:
 garbage-first heap   total 98304K, used 39934K [0x0000000600000000, 0x0000000800000000)
  region size 4096K, 6 young (24576K), 1 survivors (4096K)
 Metaspace       used 30183K, committed 30464K, reserved 1114112K
  class space    used 3952K, committed 4096K, reserved 1048576K
GC Heap History (12 events):
Event: 0.372 GC heap before
{Heap before GC invocations=0 (full 0):
 garbage-first heap   total 122880K, used 20480K [0x0000000600000000, 0x0000000800000000)
  region size 4096K, 5 young (20480K), 0 survivors (0K)
 Metaspace       used 7122K, committed 7296K, reserved 1114112K
  class space    used 622K, committed 704K, reserved 1048576K
}
Event: 0.375 GC heap after
{Heap after GC invocations=1 (full 0):
 garbage-first heap   total 122880K, used 1664K [0x0000000600000000, 0x0000000800000000)
  region size 4096K, 1 young (4096K), 1 survivors (4096K)
 Metaspace       used 7122K, committed 7296K, reserved 1114112K
  class space    used 622K, committed 704K, reserved 1048576K
}
Event: 0.984 GC heap before
{Heap before GC invocations=1 (full 0):
 garbage-first heap   total 122880K, used 46720K [0x0000000600000000, 0x0000000800000000)
  region size 4096K, 11 young (45056K), 1 survivors (4096K)
 Metaspace       used 11918K, committed 12096K, reserved 1114112K
  class space    used 1258K, committed 1344K, reserved 1048576K
}
Event: 0.992 GC heap after
{Heap after GC invocations=2 (full 0):
 garbage-first heap   total 122880K, used 11717K [0x0000000600000000, 0x0000000800000000)
  region size 4096K, 2 young (8192K), 2 survivors (8192K)
 Metaspace       used 11918K, committed 12096K, reserved 1114112K
  class space    used 1258K, committed 1344K, reserved 1048576K
}
Event: 1.728 GC heap before
{Heap before GC invocations=2 (full 0):
 garbage-first heap   total 122880K, used 64965K [0x0000000600000000, 0x0000000800000000)
  region size 4096K, 15 young (61440K), 2 survivors (8192K)
 Metaspace       used 12712K, committed 12928K, reserved 1114112K
  class space    used 1407K, committed 1536K, reserved 1048576K
}
Event: 1.752 GC heap after
{Heap after GC invocations=3 (full 0):
 garbage-first heap   total 122880K, used 17230K [0x0000000600000000, 0x0000000800000000)
  region size 4096K, 2 young (8192K), 2 survivors (8192K)
 Metaspace       used 12712K, committed 12928K, reserved 1114112K
  class space    used 1407K, committed 1536K, reserved 1048576K
}
Event: 2.545 GC heap before
{Heap before GC invocations=3 (full 0):
 garbage-first heap   total 122880K, used 45902K [0x0000000600000000, 0x0000000800000000)
  region size 4096K, 10 young (40960K), 2 survivors (8192K)
 Metaspace       used 21322K, committed 21504K, reserved 1114112K
  class space    used 2503K, committed 2624K, reserved 1048576K
}
Event: 2.551 GC heap after
{Heap after GC invocations=4 (full 0):
 garbage-first heap   total 122880K, used 20214K [0x0000000600000000, 0x0000000800000000)
  region size 4096K, 3 young (12288K), 3 survivors (12288K)
 Metaspace       used 21322K, committed 21504K, reserved 1114112K
  class space    used 2503K, committed 2624K, reserved 1048576K
}
Event: 3.332 GC heap before
{Heap before GC invocations=5 (full 0):
 garbage-first heap   total 98304K, used 65270K [0x0000000600000000, 0x0000000800000000)
  region size 4096K, 14 young (57344K), 3 survivors (12288K)
 Metaspace       used 27731K, committed 28032K, reserved 1114112K
  class space    used 3560K, committed 3712K, reserved 1048576K
}
Event: 3.340 GC heap after
{Heap after GC invocations=6 (full 0):
 garbage-first heap   total 98304K, used 22980K [0x0000000600000000, 0x0000000800000000)
  region size 4096K, 2 young (8192K), 2 survivors (8192K)
 Metaspace       used 27731K, committed 28032K, reserved 1114112K
  class space    used 3560K, committed 3712K, reserved 1048576K
}
Event: 3.398 GC heap before
{Heap before GC invocations=6 (full 0):
 garbage-first heap   total 98304K, used 27076K [0x0000000600000000, 0x0000000800000000)
  region size 4096K, 3 young (12288K), 2 survivors (8192K)
 Metaspace       used 28192K, committed 28480K, reserved 1114112K
  class space    used 3631K, committed 3776K, reserved 1048576K
}
Event: 3.405 GC heap after
{Heap after GC invocations=7 (full 0):
 garbage-first heap   total 98304K, used 23550K [0x0000000600000000, 0x0000000800000000)
  region size 4096K, 1 young (4096K), 1 survivors (4096K)
 Metaspace       used 28192K, committed 28480K, reserved 1114112K
  class space    used 3631K, committed 3776K, reserved 1048576K
}

