# JRE version: OpenJDK Runtime Environment (17.0.11) (build 17.0.11+0--11852314)
# Java VM: OpenJDK 64-Bit Server VM (17.0.11+0--11852314, mixed mode, tiered, compressed oops, compressed class ptrs, g1 gc, windows-amd64)
GC Precious Log:
 CPUs: 16 total, 16 available
 Memory: 7489M
 Large Page Support: Disabled
 NUMA Support: Disabled
 Compressed Oops: Enabled (Zero based)
 Heap Region Size: 4M
 Heap Min Capacity: 8M
 Heap Initial Capacity: 120M
 Heap Max Capacity: 8G
 Pre-touch: Disabled
 Parallel Workers: 13
 Concurrent Workers: 3
 Concurrent Refinement Workers: 13
 Periodic GC: Disabled
Heap:
 garbage-first heap   total 135168K, used 50133K [0x0000000600000000, 0x0000000800000000)
  region size 4096K, 1 young (4096K), 1 survivors (4096K)
 Metaspace       used 67287K, committed 67904K, reserved 1114112K
  class space    used 9362K, committed 9664K, reserved 1048576K
GC Heap History (20 events):
Event: 3.376 GC heap after
{Heap after GC invocations=8 (full 0):
 garbage-first heap   total 135168K, used 24571K [0x0000000600000000, 0x0000000800000000)
  region size 4096K, 1 young (4096K), 1 survivors (4096K)
 Metaspace       used 33712K, committed 34048K, reserved 1114112K
  class space    used 4501K, committed 4672K, reserved 1048576K
}
Event: 3.548 GC heap before
{Heap before GC invocations=8 (full 0):
 garbage-first heap   total 135168K, used 36859K [0x0000000600000000, 0x0000000800000000)
  region size 4096K, 5 young (20480K), 1 survivors (4096K)
 Metaspace       used 35576K, committed 35968K, reserved 1114112K
  class space    used 4768K, committed 4992K, reserved 1048576K
}
Event: 3.552 GC heap after
{Heap after GC invocations=9 (full 0):
 garbage-first heap   total 135168K, used 25463K [0x0000000600000000, 0x0000000800000000)
  region size 4096K, 1 young (4096K), 1 survivors (4096K)
 Metaspace       used 35576K, committed 35968K, reserved 1114112K
  class space    used 4768K, committed 4992K, reserved 1048576K
}
Event: 4.331 GC heap before
{Heap before GC invocations=10 (full 0):
 garbage-first heap   total 110592K, used 82807K [0x0000000600000000, 0x0000000800000000)
  region size 4096K, 16 young (65536K), 1 survivors (4096K)
 Metaspace       used 42800K, committed 43200K, reserved 1114112K
  class space    used 5500K, committed 5696K, reserved 1048576K
}
Event: 4.337 GC heap after
{Heap after GC invocations=11 (full 0):
 garbage-first heap   total 110592K, used 29662K [0x0000000600000000, 0x0000000800000000)
  region size 4096K, 2 young (8192K), 2 survivors (8192K)
 Metaspace       used 42800K, committed 43200K, reserved 1114112K
  class space    used 5500K, committed 5696K, reserved 1048576K
}
Event: 4.344 GC heap before
{Heap before GC invocations=11 (full 0):
 garbage-first heap   total 110592K, used 33758K [0x0000000600000000, 0x0000000800000000)
  region size 4096K, 3 young (12288K), 2 survivors (8192K)
 Metaspace       used 42800K, committed 43200K, reserved 1114112K
  class space    used 5500K, committed 5696K, reserved 1048576K
}
Event: 4.354 GC heap after
{Heap after GC invocations=12 (full 0):
 garbage-first heap   total 110592K, used 29316K [0x0000000600000000, 0x0000000800000000)
  region size 4096K, 1 young (4096K), 1 survivors (4096K)
 Metaspace       used 42800K, committed 43200K, reserved 1114112K
  class space    used 5500K, committed 5696K, reserved 1048576K
}
Event: 4.798 GC heap before
{Heap before GC invocations=12 (full 0):
 garbage-first heap   total 110592K, used 78468K [0x0000000600000000, 0x0000000800000000)
  region size 4096K, 13 young (53248K), 1 survivors (4096K)
 Metaspace       used 46714K, committed 47168K, reserved 1114112K
  class space    used 6139K, committed 6336K, reserved 1048576K
}
Event: 4.800 GC heap after
{Heap after GC invocations=13 (full 0):
 garbage-first heap   total 110592K, used 31664K [0x0000000600000000, 0x0000000800000000)
  region size 4096K, 1 young (4096K), 1 survivors (4096K)
 Metaspace       used 46714K, committed 47168K, reserved 1114112K
  class space    used 6139K, committed 6336K, reserved 1048576K
}
Event: 5.164 GC heap before
{Heap before GC invocations=13 (full 0):
 garbage-first heap   total 110592K, used 80816K [0x0000000600000000, 0x0000000800000000)
  region size 4096K, 13 young (53248K), 1 survivors (4096K)
 Metaspace       used 49665K, committed 50112K, reserved 1114112K
  class space    used 6609K, committed 6784K, reserved 1048576K
}
Event: 5.168 GC heap after
{Heap after GC invocations=14 (full 0):
 garbage-first heap   total 110592K, used 32991K [0x0000000600000000, 0x0000000800000000)
  region size 4096K, 1 young (4096K), 1 survivors (4096K)
 Metaspace       used 49665K, committed 50112K, reserved 1114112K
  class space    used 6609K, committed 6784K, reserved 1048576K
}
Event: 5.733 GC heap before
{Heap before GC invocations=14 (full 0):
 garbage-first heap   total 110592K, used 82143K [0x0000000600000000, 0x0000000800000000)
  region size 4096K, 13 young (53248K), 1 survivors (4096K)
 Metaspace       used 54493K, committed 55040K, reserved 1114112K
  class space    used 7395K, committed 7680K, reserved 1048576K
}
Event: 5.739 GC heap after
{Heap after GC invocations=15 (full 0):
 garbage-first heap   total 110592K, used 35048K [0x0000000600000000, 0x0000000800000000)
  region size 4096K, 2 young (8192K), 2 survivors (8192K)
 Metaspace       used 54493K, committed 55040K, reserved 1114112K
  class space    used 7395K, committed 7680K, reserved 1048576K
}
Event: 6.128 GC heap before
{Heap before GC invocations=15 (full 0):
 garbage-first heap   total 110592K, used 76008K [0x0000000600000000, 0x0000000800000000)
  region size 4096K, 13 young (53248K), 2 survivors (8192K)
 Metaspace       used 56937K, committed 57472K, reserved 1114112K
  class space    used 7797K, committed 8064K, reserved 1048576K
}
Event: 6.136 GC heap after
{Heap after GC invocations=16 (full 0):
 garbage-first heap   total 110592K, used 38944K [0x0000000600000000, 0x0000000800000000)
  region size 4096K, 2 young (8192K), 2 survivors (8192K)
 Metaspace       used 56937K, committed 57472K, reserved 1114112K
  class space    used 7797K, committed 8064K, reserved 1048576K
}
Event: 6.470 GC heap before
{Heap before GC invocations=16 (full 0):
 garbage-first heap   total 110592K, used 63520K [0x0000000600000000, 0x0000000800000000)
  region size 4096K, 9 young (36864K), 2 survivors (8192K)
 Metaspace       used 59635K, committed 60160K, reserved 1114112K
  class space    used 8253K, committed 8512K, reserved 1048576K
}
Event: 6.478 GC heap after
{Heap after GC invocations=17 (full 0):
 garbage-first heap   total 110592K, used 40336K [0x0000000600000000, 0x0000000800000000)
  region size 4096K, 2 young (8192K), 2 survivors (8192K)
 Metaspace       used 59635K, committed 60160K, reserved 1114112K
  class space    used 8253K, committed 8512K, reserved 1048576K
}
Event: 6.868 GC heap before
{Heap before GC invocations=18 (full 0):
 garbage-first heap   total 110592K, used 85392K [0x0000000600000000, 0x0000000800000000)
  region size 4096K, 13 young (53248K), 2 survivors (8192K)
 Metaspace       used 63716K, committed 64256K, reserved 1114112K
  class space    used 8837K, committed 9088K, reserved 1048576K
}
Event: 6.875 GC heap after
{Heap after GC invocations=19 (full 0):
 garbage-first heap   total 110592K, used 48815K [0x0000000600000000, 0x0000000800000000)
  region size 4096K, 2 young (8192K), 2 survivors (8192K)
 Metaspace       used 63716K, committed 64256K, reserved 1114112K
  class space    used 8837K, committed 9088K, reserved 1048576K
}
Event: 7.275 GC heap before
{Heap before GC invocations=19 (full 0):
 garbage-first heap   total 110592K, used 81583K [0x0000000600000000, 0x0000000800000000)
  region size 4096K, 10 young (40960K), 2 survivors (8192K)
 Metaspace       used 67287K, committed 67904K, reserved 1114112K
  class space    used 9362K, committed 9664K, reserved 1048576K
}

