# JRE version: OpenJDK Runtime Environment (17.0.11) (build 17.0.11+0--11852314)
# Java VM: OpenJDK 64-Bit Server VM (17.0.11+0--11852314, mixed mode, tiered, compressed oops, compressed class ptrs, g1 gc, windows-amd64)
GC Precious Log:
 CPUs: 16 total, 16 available
 Memory: 7489M
 Large Page Support: Disabled
 NUMA Support: Disabled
 Compressed Oops: Enabled (Zero based)
 Heap Region Size: 4M
 Heap Min Capacity: 8M
 Heap Initial Capacity: 120M
 Heap Max Capacity: 8G
 Pre-touch: Disabled
 Parallel Workers: 13
 Concurrent Workers: 3
 Concurrent Refinement Workers: 13
 Periodic GC: Disabled
Heap:
 garbage-first heap   total 135168K, used 50371K [0x0000000600000000, 0x0000000800000000)
  region size 4096K, 1 young (4096K), 1 survivors (4096K)
 Metaspace       used 67323K, committed 67904K, reserved 1114112K
  class space    used 9340K, committed 9600K, reserved 1048576K
GC Heap History (20 events):
Event: 4.653 GC heap after
{Heap after GC invocations=8 (full 0):
 garbage-first heap   total 135168K, used 24975K [0x0000000600000000, 0x0000000800000000)
  region size 4096K, 1 young (4096K), 1 survivors (4096K)
 Metaspace       used 34278K, committed 34624K, reserved 1114112K
  class space    used 4577K, committed 4736K, reserved 1048576K
}
Event: 4.785 GC heap before
{Heap before GC invocations=8 (full 0):
 garbage-first heap   total 135168K, used 33167K [0x0000000600000000, 0x0000000800000000)
  region size 4096K, 4 young (16384K), 1 survivors (4096K)
 Metaspace       used 35575K, committed 35968K, reserved 1114112K
  class space    used 4772K, committed 4992K, reserved 1048576K
}
Event: 4.790 GC heap after
{Heap after GC invocations=9 (full 0):
 garbage-first heap   total 135168K, used 25645K [0x0000000600000000, 0x0000000800000000)
  region size 4096K, 1 young (4096K), 1 survivors (4096K)
 Metaspace       used 35575K, committed 35968K, reserved 1114112K
  class space    used 4772K, committed 4992K, reserved 1048576K
}
Event: 5.475 GC heap before
{Heap before GC invocations=10 (full 0):
 garbage-first heap   total 110592K, used 82989K [0x0000000600000000, 0x0000000800000000)
  region size 4096K, 16 young (65536K), 1 survivors (4096K)
 Metaspace       used 42836K, committed 43264K, reserved 1114112K
  class space    used 5502K, committed 5696K, reserved 1048576K
}
Event: 5.481 GC heap after
{Heap after GC invocations=11 (full 0):
 garbage-first heap   total 110592K, used 29860K [0x0000000600000000, 0x0000000800000000)
  region size 4096K, 2 young (8192K), 2 survivors (8192K)
 Metaspace       used 42836K, committed 43264K, reserved 1114112K
  class space    used 5502K, committed 5696K, reserved 1048576K
}
Event: 5.490 GC heap before
{Heap before GC invocations=11 (full 0):
 garbage-first heap   total 110592K, used 33956K [0x0000000600000000, 0x0000000800000000)
  region size 4096K, 3 young (12288K), 2 survivors (8192K)
 Metaspace       used 42837K, committed 43264K, reserved 1114112K
  class space    used 5502K, committed 5696K, reserved 1048576K
}
Event: 5.500 GC heap after
{Heap after GC invocations=12 (full 0):
 garbage-first heap   total 110592K, used 29543K [0x0000000600000000, 0x0000000800000000)
  region size 4096K, 1 young (4096K), 1 survivors (4096K)
 Metaspace       used 42837K, committed 43264K, reserved 1114112K
  class space    used 5502K, committed 5696K, reserved 1048576K
}
Event: 6.070 GC heap before
{Heap before GC invocations=12 (full 0):
 garbage-first heap   total 110592K, used 78695K [0x0000000600000000, 0x0000000800000000)
  region size 4096K, 13 young (53248K), 1 survivors (4096K)
 Metaspace       used 46768K, committed 47168K, reserved 1114112K
  class space    used 6143K, committed 6336K, reserved 1048576K
}
Event: 6.073 GC heap after
{Heap after GC invocations=13 (full 0):
 garbage-first heap   total 110592K, used 31819K [0x0000000600000000, 0x0000000800000000)
  region size 4096K, 1 young (4096K), 1 survivors (4096K)
 Metaspace       used 46768K, committed 47168K, reserved 1114112K
  class space    used 6143K, committed 6336K, reserved 1048576K
}
Event: 6.759 GC heap before
{Heap before GC invocations=13 (full 0):
 garbage-first heap   total 110592K, used 80971K [0x0000000600000000, 0x0000000800000000)
  region size 4096K, 13 young (53248K), 1 survivors (4096K)
 Metaspace       used 49816K, committed 50304K, reserved 1114112K
  class space    used 6631K, committed 6848K, reserved 1048576K
}
Event: 6.763 GC heap after
{Heap after GC invocations=14 (full 0):
 garbage-first heap   total 110592K, used 33138K [0x0000000600000000, 0x0000000800000000)
  region size 4096K, 1 young (4096K), 1 survivors (4096K)
 Metaspace       used 49816K, committed 50304K, reserved 1114112K
  class space    used 6631K, committed 6848K, reserved 1048576K
}
Event: 7.429 GC heap before
{Heap before GC invocations=14 (full 0):
 garbage-first heap   total 110592K, used 82290K [0x0000000600000000, 0x0000000800000000)
  region size 4096K, 13 young (53248K), 1 survivors (4096K)
 Metaspace       used 54648K, committed 55232K, reserved 1114112K
  class space    used 7417K, committed 7680K, reserved 1048576K
}
Event: 7.434 GC heap after
{Heap after GC invocations=15 (full 0):
 garbage-first heap   total 110592K, used 35113K [0x0000000600000000, 0x0000000800000000)
  region size 4096K, 2 young (8192K), 2 survivors (8192K)
 Metaspace       used 54648K, committed 55232K, reserved 1114112K
  class space    used 7417K, committed 7680K, reserved 1048576K
}
Event: 7.877 GC heap before
{Heap before GC invocations=15 (full 0):
 garbage-first heap   total 110592K, used 80169K [0x0000000600000000, 0x0000000800000000)
  region size 4096K, 13 young (53248K), 2 survivors (8192K)
 Metaspace       used 57061K, committed 57600K, reserved 1114112K
  class space    used 7781K, committed 8064K, reserved 1048576K
}
Event: 7.886 GC heap after
{Heap after GC invocations=16 (full 0):
 garbage-first heap   total 110592K, used 38806K [0x0000000600000000, 0x0000000800000000)
  region size 4096K, 2 young (8192K), 2 survivors (8192K)
 Metaspace       used 57061K, committed 57600K, reserved 1114112K
  class space    used 7781K, committed 8064K, reserved 1048576K
}
Event: 8.240 GC heap before
{Heap before GC invocations=16 (full 0):
 garbage-first heap   total 110592K, used 63382K [0x0000000600000000, 0x0000000800000000)
  region size 4096K, 9 young (36864K), 2 survivors (8192K)
 Metaspace       used 59657K, committed 60160K, reserved 1114112K
  class space    used 8229K, committed 8448K, reserved 1048576K
}
Event: 8.249 GC heap after
{Heap after GC invocations=17 (full 0):
 garbage-first heap   total 110592K, used 40135K [0x0000000600000000, 0x0000000800000000)
  region size 4096K, 2 young (8192K), 2 survivors (8192K)
 Metaspace       used 59657K, committed 60160K, reserved 1114112K
  class space    used 8229K, committed 8448K, reserved 1048576K
}
Event: 8.812 GC heap before
{Heap before GC invocations=18 (full 0):
 garbage-first heap   total 110592K, used 89287K [0x0000000600000000, 0x0000000800000000)
  region size 4096K, 13 young (53248K), 2 survivors (8192K)
 Metaspace       used 63750K, committed 64192K, reserved 1114112K
  class space    used 8821K, committed 9024K, reserved 1048576K
}
Event: 8.819 GC heap after
{Heap after GC invocations=19 (full 0):
 garbage-first heap   total 110592K, used 50078K [0x0000000600000000, 0x0000000800000000)
  region size 4096K, 2 young (8192K), 2 survivors (8192K)
 Metaspace       used 63750K, committed 64192K, reserved 1114112K
  class space    used 8821K, committed 9024K, reserved 1048576K
}
Event: 9.250 GC heap before
{Heap before GC invocations=19 (full 0):
 garbage-first heap   total 110592K, used 82846K [0x0000000600000000, 0x0000000800000000)
  region size 4096K, 10 young (40960K), 2 survivors (8192K)
 Metaspace       used 67323K, committed 67904K, reserved 1114112K
  class space    used 9340K, committed 9600K, reserved 1048576K
}

