# JRE version: OpenJDK Runtime Environment (17.0.11) (build 17.0.11+0--11852314)
# Java VM: OpenJDK 64-Bit Server VM (17.0.11+0--11852314, mixed mode, tiered, compressed oops, compressed class ptrs, g1 gc, windows-amd64)
GC Precious Log:
 CPUs: 16 total, 16 available
 Memory: 7489M
 Large Page Support: Disabled
 NUMA Support: Disabled
 Compressed Oops: Enabled (Zero based)
 Heap Region Size: 4M
 Heap Min Capacity: 8M
 Heap Initial Capacity: 120M
 Heap Max Capacity: 8G
 Pre-touch: Disabled
 Parallel Workers: 13
 Concurrent Workers: 3
 Concurrent Refinement Workers: 13
 Periodic GC: Disabled
Heap:
 garbage-first heap   total 122880K, used 31782K [0x0000000600000000, 0x0000000800000000)
  region size 4096K, 1 young (4096K), 1 survivors (4096K)
 Metaspace       used 46697K, committed 47104K, reserved 1114112K
  class space    used 6143K, committed 6336K, reserved 1048576K
GC Heap History (20 events):
Event: 0.331 GC heap after
{Heap after GC invocations=1 (full 0):
 garbage-first heap   total 122880K, used 1456K [0x0000000600000000, 0x0000000800000000)
  region size 4096K, 1 young (4096K), 1 survivors (4096K)
 Metaspace       used 7122K, committed 7296K, reserved 1114112K
  class space    used 622K, committed 704K, reserved 1048576K
}
Event: 1.091 GC heap before
{Heap before GC invocations=1 (full 0):
 garbage-first heap   total 122880K, used 42416K [0x0000000600000000, 0x0000000800000000)
  region size 4096K, 10 young (40960K), 1 survivors (4096K)
 Metaspace       used 11902K, committed 12096K, reserved 1114112K
  class space    used 1258K, committed 1344K, reserved 1048576K
}
Event: 1.100 GC heap after
{Heap after GC invocations=2 (full 0):
 garbage-first heap   total 122880K, used 11658K [0x0000000600000000, 0x0000000800000000)
  region size 4096K, 2 young (8192K), 2 survivors (8192K)
 Metaspace       used 11902K, committed 12096K, reserved 1114112K
  class space    used 1258K, committed 1344K, reserved 1048576K
}
Event: 1.568 GC heap before
{Heap before GC invocations=2 (full 0):
 garbage-first heap   total 122880K, used 64906K [0x0000000600000000, 0x0000000800000000)
  region size 4096K, 15 young (61440K), 2 survivors (8192K)
 Metaspace       used 12187K, committed 12352K, reserved 1114112K
  class space    used 1306K, committed 1408K, reserved 1048576K
}
Event: 1.578 GC heap after
{Heap after GC invocations=3 (full 0):
 garbage-first heap   total 122880K, used 16730K [0x0000000600000000, 0x0000000800000000)
  region size 4096K, 2 young (8192K), 2 survivors (8192K)
 Metaspace       used 12187K, committed 12352K, reserved 1114112K
  class space    used 1306K, committed 1408K, reserved 1048576K
}
Event: 2.920 GC heap before
{Heap before GC invocations=3 (full 0):
 garbage-first heap   total 122880K, used 49498K [0x0000000600000000, 0x0000000800000000)
  region size 4096K, 11 young (45056K), 2 survivors (8192K)
 Metaspace       used 21266K, committed 21504K, reserved 1114112K
  class space    used 2489K, committed 2624K, reserved 1048576K
}
Event: 2.925 GC heap after
{Heap after GC invocations=4 (full 0):
 garbage-first heap   total 122880K, used 20209K [0x0000000600000000, 0x0000000800000000)
  region size 4096K, 3 young (12288K), 3 survivors (12288K)
 Metaspace       used 21266K, committed 21504K, reserved 1114112K
  class space    used 2489K, committed 2624K, reserved 1048576K
}
Event: 3.489 GC heap before
{Heap before GC invocations=5 (full 0):
 garbage-first heap   total 98304K, used 65265K [0x0000000600000000, 0x0000000800000000)
  region size 4096K, 14 young (57344K), 3 survivors (12288K)
 Metaspace       used 27674K, committed 27968K, reserved 1114112K
  class space    used 3551K, committed 3712K, reserved 1048576K
}
Event: 3.498 GC heap after
{Heap after GC invocations=6 (full 0):
 garbage-first heap   total 118784K, used 22335K [0x0000000600000000, 0x0000000800000000)
  region size 4096K, 2 young (8192K), 2 survivors (8192K)
 Metaspace       used 27674K, committed 27968K, reserved 1114112K
  class space    used 3551K, committed 3712K, reserved 1048576K
}
Event: 3.552 GC heap before
{Heap before GC invocations=6 (full 0):
 garbage-first heap   total 118784K, used 26431K [0x0000000600000000, 0x0000000800000000)
  region size 4096K, 3 young (12288K), 2 survivors (8192K)
 Metaspace       used 28161K, committed 28480K, reserved 1114112K
  class space    used 3627K, committed 3776K, reserved 1048576K
}
Event: 3.559 GC heap after
{Heap after GC invocations=7 (full 0):
 garbage-first heap   total 118784K, used 23138K [0x0000000600000000, 0x0000000800000000)
  region size 4096K, 1 young (4096K), 1 survivors (4096K)
 Metaspace       used 28161K, committed 28480K, reserved 1114112K
  class space    used 3627K, committed 3776K, reserved 1048576K
}
Event: 4.399 GC heap before
{Heap before GC invocations=7 (full 0):
 garbage-first heap   total 118784K, used 80482K [0x0000000600000000, 0x0000000800000000)
  region size 4096K, 15 young (61440K), 1 survivors (4096K)
 Metaspace       used 35456K, committed 35840K, reserved 1114112K
  class space    used 4760K, committed 4928K, reserved 1048576K
}
Event: 4.402 GC heap after
{Heap after GC invocations=8 (full 0):
 garbage-first heap   total 118784K, used 25433K [0x0000000600000000, 0x0000000800000000)
  region size 4096K, 1 young (4096K), 1 survivors (4096K)
 Metaspace       used 35456K, committed 35840K, reserved 1114112K
  class space    used 4760K, committed 4928K, reserved 1048576K
}
Event: 4.409 GC heap before
{Heap before GC invocations=8 (full 0):
 garbage-first heap   total 118784K, used 25433K [0x0000000600000000, 0x0000000800000000)
  region size 4096K, 2 young (8192K), 1 survivors (4096K)
 Metaspace       used 35555K, committed 35968K, reserved 1114112K
  class space    used 4770K, committed 4992K, reserved 1048576K
}
Event: 4.413 GC heap after
{Heap after GC invocations=9 (full 0):
 garbage-first heap   total 118784K, used 25660K [0x0000000600000000, 0x0000000800000000)
  region size 4096K, 1 young (4096K), 1 survivors (4096K)
 Metaspace       used 35555K, committed 35968K, reserved 1114112K
  class space    used 4770K, committed 4992K, reserved 1048576K
}
Event: 5.043 GC heap before
{Heap before GC invocations=10 (full 0):
 garbage-first heap   total 110592K, used 83004K [0x0000000600000000, 0x0000000800000000)
  region size 4096K, 16 young (65536K), 1 survivors (4096K)
 Metaspace       used 42765K, committed 43136K, reserved 1114112K
  class space    used 5502K, committed 5696K, reserved 1048576K
}
Event: 5.049 GC heap after
{Heap after GC invocations=11 (full 0):
 garbage-first heap   total 110592K, used 29741K [0x0000000600000000, 0x0000000800000000)
  region size 4096K, 2 young (8192K), 2 survivors (8192K)
 Metaspace       used 42765K, committed 43136K, reserved 1114112K
  class space    used 5502K, committed 5696K, reserved 1048576K
}
Event: 5.058 GC heap before
{Heap before GC invocations=11 (full 0):
 garbage-first heap   total 110592K, used 33837K [0x0000000600000000, 0x0000000800000000)
  region size 4096K, 3 young (12288K), 2 survivors (8192K)
 Metaspace       used 42766K, committed 43136K, reserved 1114112K
  class space    used 5502K, committed 5696K, reserved 1048576K
}
Event: 5.065 GC heap after
{Heap after GC invocations=12 (full 0):
 garbage-first heap   total 110592K, used 29260K [0x0000000600000000, 0x0000000800000000)
  region size 4096K, 1 young (4096K), 1 survivors (4096K)
 Metaspace       used 42766K, committed 43136K, reserved 1114112K
  class space    used 5502K, committed 5696K, reserved 1048576K
}
Event: 5.590 GC heap before
{Heap before GC invocations=12 (full 0):
 garbage-first heap   total 110592K, used 78412K [0x0000000600000000, 0x0000000800000000)
  region size 4096K, 13 young (53248K), 1 survivors (4096K)
 Metaspace       used 46697K, committed 47104K, reserved 1114112K
  class space    used 6143K, committed 6336K, reserved 1048576K
}

